[debug] [2018-10-14T16:16:56.304Z] ----------------------------------------------------------------------
[debug] [2018-10-14T16:16:56.309Z] Command:       /home/hshekhar/.nvm/versions/node/v10.12.0/bin/node /home/hshekhar/.nvm/versions/node/v10.12.0/bin/firebase deploy
[debug] [2018-10-14T16:16:56.309Z] CLI Version:   5.0.1
[debug] [2018-10-14T16:16:56.309Z] Platform:      linux
[debug] [2018-10-14T16:16:56.309Z] Node Version:  v10.12.0
[debug] [2018-10-14T16:16:56.310Z] Time:          Sun Oct 14 2018 21:46:56 GMT+0530 (India Standard Time)
[debug] [2018-10-14T16:16:56.310Z] ----------------------------------------------------------------------
[debug] 
[debug] [2018-10-14T16:16:56.325Z] > command requires scopes: ["email","openid","https://www.googleapis.com/auth/cloudplatformprojects.readonly","https://www.googleapis.com/auth/firebase","https://www.googleapis.com/auth/cloud-platform"]
[debug] [2018-10-14T16:16:56.326Z] > authorizing via signed-in user
[debug] [2018-10-14T16:16:56.326Z] [iam] checking project panvel-corporation for permissions ["firebase.projects.get","firebasehosting.sites.update"]
[debug] [2018-10-14T16:16:56.330Z] > refreshing access token with scopes: ["email","https://www.googleapis.com/auth/cloud-platform","https://www.googleapis.com/auth/cloudplatformprojects.readonly","https://www.googleapis.com/auth/firebase","openid"]
[debug] [2018-10-14T16:16:56.331Z] >>> HTTP REQUEST POST https://www.googleapis.com/oauth2/v3/token  
 <request body omitted>
[debug] [2018-10-14T16:16:56.708Z] <<< HTTP RESPONSE 200
[debug] [2018-10-14T16:16:56.720Z] >>> HTTP REQUEST POST https://cloudresourcemanager.googleapis.com/v1/projects/panvel-corporation:testIamPermissions  

[debug] [2018-10-14T16:16:58.392Z] <<< HTTP RESPONSE 200
[debug] [2018-10-14T16:16:58.394Z] >>> HTTP REQUEST GET https://admin.firebase.com/v1/projects/panvel-corporation  
 
[debug] [2018-10-14T16:16:59.835Z] <<< HTTP RESPONSE 200
[info] 
[info] === Deploying to 'panvel-corporation'...
[info] 
[info] i  deploying hosting
[debug] [2018-10-14T16:16:59.843Z] >>> HTTP REQUEST POST https://firebasehosting.googleapis.com/v1beta1/sites/panvel-corporation/versions  

